2012/08/22 19:44:48 [error] [exception.CHttpException.403] exception 'CHttpException' with message 'You are not authorized to perform this action.' in C:\www\yiitest\framework\web\auth\CAccessControlFilter.php:170
Stack trace:
#0 C:\www\yiitest\framework\web\auth\CAccessControlFilter.php(133): CAccessControlFilter->accessDenied(Object(CWebUser), 'You are not aut...')
#1 C:\www\yiitest\framework\web\filters\CFilter.php(39): CAccessControlFilter->preFilter(Object(CFilterChain))
#2 C:\www\yiitest\framework\web\CController.php(1146): CFilter->filter(Object(CFilterChain))
#3 C:\www\yiitest\framework\web\filters\CInlineFilter.php(59): CController->filterAccessControl(Object(CFilterChain))
#4 C:\www\yiitest\framework\web\filters\CFilterChain.php(131): CInlineFilter->filter(Object(CFilterChain))
#5 C:\www\yiitest\framework\web\CController.php(292): CFilterChain->run()
#6 C:\www\yiitest\framework\web\CController.php(266): CController->runActionWithFilters(Object(CInlineAction), Array)
#7 C:\www\yiitest\framework\web\CWebApplication.php(283): CController->run('admin')
#8 C:\www\yiitest\framework\web\CWebApplication.php(142): CWebApplication->runController('message/admin')
#9 C:\www\yiitest\framework\base\CApplication.php(162): CWebApplication->processRequest()
#10 C:\www\yiitest\demos\demo\index.php(13): CApplication->run()
#11 {main}
REQUEST_URI=/yiitest/demos/demo/index.php?r=message/admin
HTTP_REFERER=http://localhost/yiitest/demos/demo/index.php?r=message/index
---
2012/08/23 00:30:58 [error] [exception.CException] exception 'CException' with message 'Message and its behaviors do not have a method or closure named "getByPk".' in C:\www\yiitest\framework\base\CComponent.php:266
Stack trace:
#0 C:\www\yiitest\framework\db\ar\CActiveRecord.php(226): CComponent->__call('getByPk', Array)
#1 C:\www\yiitest\demos\demo\protected\controllers\GreetingController.php(11): CActiveRecord->__call('getByPk', Array)
#2 C:\www\yiitest\demos\demo\protected\controllers\GreetingController.php(11): Message->getByPk(6)
#3 C:\www\yiitest\framework\web\actions\CInlineAction.php(50): GreetingController->actionIndex()
#4 C:\www\yiitest\framework\web\CController.php(309): CInlineAction->runWithParams(Array)
#5 C:\www\yiitest\framework\web\CController.php(287): CController->runAction(Object(CInlineAction))
#6 C:\www\yiitest\framework\web\CController.php(266): CController->runActionWithFilters(Object(CInlineAction), Array)
#7 C:\www\yiitest\framework\web\CWebApplication.php(283): CController->run('')
#8 C:\www\yiitest\framework\web\CWebApplication.php(142): CWebApplication->runController('greeting')
#9 C:\www\yiitest\framework\base\CApplication.php(162): CWebApplication->processRequest()
#10 C:\www\yiitest\demos\demo\index.php(13): CApplication->run()
#11 {main}
REQUEST_URI=/yiitest/demos/demo/index.php?r=greeting
---
